{"/home/jlopez/ProyectSonar/src/app.controller.ts": {"path":"/home/jlopez/ProyectSonar/src/app.controller.ts","statementMap":{"0":{"start":{"line":1,"column":0},"end":{"line":1,"column":49}},"1":{"start":{"line":2,"column":0},"end":{"line":2,"column":43}},"2":{"start":{"line":5,"column":0},"end":{"line":12,"column":null}},"3":{"start":{"line":6,"column":31},"end":{"line":6,"column":43}},"4":{"start":{"line":10,"column":4},"end":{"line":10,"column":38}},"5":{"start":{"line":9,"column":2},"end":{"line":11,"column":null}},"6":{"start":{"line":5,"column":13},"end":{"line":12,"column":null}},"7":{"start":{"line":5,"column":13},"end":{"line":5,"column":26}}},"fnMap":{"0":{"name":"(anonymous_2)","decl":{"start":{"line":6,"column":2},"end":{"line":6,"column":31}},"loc":{"start":{"line":6,"column":53},"end":{"line":6,"column":57}}},"1":{"name":"(anonymous_3)","decl":{"start":{"line":9,"column":2},"end":{"line":9,"column":10}},"loc":{"start":{"line":9,"column":10},"end":{"line":11,"column":3}}}},"branchMap":{},"s":{"0":1,"1":1,"2":1,"3":1,"4":1,"5":1,"6":1,"7":1},"f":{"0":1,"1":1},"b":{}}
,"/home/jlopez/ProyectSonar/src/app.module.ts": {"path":"/home/jlopez/ProyectSonar/src/app.module.ts","statementMap":{"0":{"start":{"line":1,"column":0},"end":{"line":1,"column":40}},"1":{"start":{"line":2,"column":0},"end":{"line":2,"column":48}},"2":{"start":{"line":3,"column":0},"end":{"line":3,"column":49}},"3":{"start":{"line":4,"column":0},"end":{"line":4,"column":43}},"4":{"start":{"line":5,"column":0},"end":{"line":5,"column":48}},"5":{"start":{"line":6,"column":0},"end":{"line":6,"column":48}},"6":{"start":{"line":7,"column":0},"end":{"line":7,"column":54}},"7":{"start":{"line":8,"column":0},"end":{"line":8,"column":54}},"8":{"start":{"line":9,"column":0},"end":{"line":9,"column":68}},"9":{"start":{"line":30,"column":0},"end":{"line":30,"column":null}},"10":{"start":{"line":30,"column":13},"end":{"line":30,"column":null}},"11":{"start":{"line":30,"column":13},"end":{"line":30,"column":22}}},"fnMap":{},"branchMap":{},"s":{"0":0,"1":0,"2":0,"3":0,"4":0,"5":0,"6":0,"7":0,"8":0,"9":0,"10":0,"11":0},"f":{},"b":{}}
,"/home/jlopez/ProyectSonar/src/app.service.ts": {"path":"/home/jlopez/ProyectSonar/src/app.service.ts","statementMap":{"0":{"start":{"line":1,"column":0},"end":{"line":1,"column":44}},"1":{"start":{"line":4,"column":0},"end":{"line":8,"column":null}},"2":{"start":{"line":6,"column":4},"end":{"line":6,"column":80}},"3":{"start":{"line":4,"column":13},"end":{"line":8,"column":null}},"4":{"start":{"line":4,"column":13},"end":{"line":4,"column":23}}},"fnMap":{"0":{"name":"(anonymous_1)","decl":{"start":{"line":5,"column":2},"end":{"line":5,"column":10}},"loc":{"start":{"line":5,"column":10},"end":{"line":7,"column":3}}}},"branchMap":{},"s":{"0":1,"1":1,"2":1,"3":1,"4":1},"f":{"0":1},"b":{}}
,"/home/jlopez/ProyectSonar/src/main.ts": {"path":"/home/jlopez/ProyectSonar/src/main.ts","statementMap":{"0":{"start":{"line":1,"column":0},"end":{"line":1,"column":64}},"1":{"start":{"line":2,"column":0},"end":{"line":2,"column":43}},"2":{"start":{"line":3,"column":0},"end":{"line":3,"column":41}},"3":{"start":{"line":6,"column":14},"end":{"line":6,"column":49}},"4":{"start":{"line":7,"column":2},"end":{"line":11,"column":5}},"5":{"start":{"line":13,"column":2},"end":{"line":13,"column":43}},"6":{"start":{"line":15,"column":2},"end":{"line":15,"column":25}},"7":{"start":{"line":17,"column":0},"end":{"line":17,"column":12}}},"fnMap":{"0":{"name":"bootstrap","decl":{"start":{"line":5,"column":15},"end":{"line":5,"column":24}},"loc":{"start":{"line":5,"column":24},"end":{"line":16,"column":1}}}},"branchMap":{},"s":{"0":0,"1":0,"2":0,"3":0,"4":0,"5":0,"6":0,"7":0},"f":{"0":0},"b":{}}
,"/home/jlopez/ProyectSonar/src/club/club.controller.ts": {"path":"/home/jlopez/ProyectSonar/src/club/club.controller.ts","statementMap":{"0":{"start":{"line":1,"column":0},"end":{"line":1,"column":108}},"1":{"start":{"line":2,"column":0},"end":{"line":2,"column":52}},"2":{"start":{"line":3,"column":0},"end":{"line":3,"column":95}},"3":{"start":{"line":4,"column":0},"end":{"line":4,"column":37}},"4":{"start":{"line":5,"column":0},"end":{"line":5,"column":43}},"5":{"start":{"line":6,"column":0},"end":{"line":6,"column":45}},"6":{"start":{"line":10,"column":0},"end":{"line":39,"column":null}},"7":{"start":{"line":10,"column":58},"end":{"line":10,"column":71}},"8":{"start":{"line":14,"column":2},"end":{"line":14,"column":42}},"9":{"start":{"line":19,"column":2},"end":{"line":19,"column":48}},"10":{"start":{"line":24,"column":27},"end":{"line":24,"column":63}},"11":{"start":{"line":25,"column":2},"end":{"line":25,"column":45}},"12":{"start":{"line":30,"column":27},"end":{"line":30,"column":63}},"13":{"start":{"line":31,"column":2},"end":{"line":31,"column":53}},"14":{"start":{"line":37,"column":2},"end":{"line":37,"column":47}},"15":{"start":{"line":13,"column":0},"end":{"line":15,"column":null}},"16":{"start":{"line":18,"column":0},"end":{"line":20,"column":null}},"17":{"start":{"line":23,"column":0},"end":{"line":26,"column":null}},"18":{"start":{"line":29,"column":0},"end":{"line":32,"column":null}},"19":{"start":{"line":36,"column":0},"end":{"line":38,"column":null}},"20":{"start":{"line":10,"column":13},"end":{"line":39,"column":null}},"21":{"start":{"line":10,"column":13},"end":{"line":10,"column":27}}},"fnMap":{"0":{"name":"(anonymous_4)","decl":{"start":{"line":10,"column":29},"end":{"line":10,"column":58}},"loc":{"start":{"line":10,"column":82},"end":{"line":10,"column":86}}},"1":{"name":"(anonymous_5)","decl":{"start":{"line":13,"column":0},"end":{"line":13,"column":5}},"loc":{"start":{"line":13,"column":13},"end":{"line":15,"column":1}}},"2":{"name":"(anonymous_6)","decl":{"start":{"line":18,"column":0},"end":{"line":18,"column":5}},"loc":{"start":{"line":18,"column":45},"end":{"line":20,"column":1}}},"3":{"name":"(anonymous_7)","decl":{"start":{"line":23,"column":0},"end":{"line":23,"column":5}},"loc":{"start":{"line":23,"column":37},"end":{"line":26,"column":1}}},"4":{"name":"(anonymous_8)","decl":{"start":{"line":29,"column":0},"end":{"line":29,"column":5}},"loc":{"start":{"line":29,"column":70},"end":{"line":32,"column":1}}},"5":{"name":"(anonymous_9)","decl":{"start":{"line":36,"column":0},"end":{"line":36,"column":5}},"loc":{"start":{"line":36,"column":44},"end":{"line":38,"column":1}}}},"branchMap":{},"s":{"0":0,"1":0,"2":0,"3":0,"4":0,"5":0,"6":0,"7":0,"8":0,"9":0,"10":0,"11":0,"12":0,"13":0,"14":0,"15":0,"16":0,"17":0,"18":0,"19":0,"20":0,"21":0},"f":{"0":0,"1":0,"2":0,"3":0,"4":0,"5":0},"b":{}}
,"/home/jlopez/ProyectSonar/src/club/club.dto.ts": {"path":"/home/jlopez/ProyectSonar/src/club/club.dto.ts","statementMap":{"0":{"start":{"line":1,"column":0},"end":{"line":1,"column":68}},"1":{"start":{"line":6,"column":4},"end":{"line":6,"column":null}},"2":{"start":{"line":11,"column":4},"end":{"line":11,"column":null}},"3":{"start":{"line":15,"column":4},"end":{"line":15,"column":null}},"4":{"start":{"line":20,"column":4},"end":{"line":20,"column":null}},"5":{"start":{"line":2,"column":0},"end":{"line":2,"column":13}}},"fnMap":{},"branchMap":{},"s":{"0":1,"1":1,"2":1,"3":1,"4":1,"5":1},"f":{},"b":{}}
,"/home/jlopez/ProyectSonar/src/club/club.entity.ts": {"path":"/home/jlopez/ProyectSonar/src/club/club.entity.ts","statementMap":{"0":{"start":{"line":1,"column":0},"end":{"line":1,"column":88}},"1":{"start":{"line":2,"column":0},"end":{"line":2,"column":55}},"2":{"start":{"line":5,"column":0},"end":{"line":24,"column":null}},"3":{"start":{"line":7,"column":4},"end":{"line":7,"column":null}},"4":{"start":{"line":10,"column":4},"end":{"line":10,"column":null}},"5":{"start":{"line":13,"column":4},"end":{"line":13,"column":null}},"6":{"start":{"line":16,"column":4},"end":{"line":16,"column":null}},"7":{"start":{"line":19,"column":4},"end":{"line":19,"column":null}},"8":{"start":{"line":23,"column":4},"end":{"line":23,"column":null}},"9":{"start":{"line":21,"column":22},"end":{"line":21,"column":34}},"10":{"start":{"line":21,"column":46},"end":{"line":21,"column":58}},"11":{"start":{"line":5,"column":13},"end":{"line":24,"column":null}},"12":{"start":{"line":5,"column":13},"end":{"line":5,"column":23}}},"fnMap":{"0":{"name":"(anonymous_2)","decl":{"start":{"line":21,"column":16},"end":{"line":21,"column":19}},"loc":{"start":{"line":21,"column":22},"end":{"line":21,"column":34}}},"1":{"name":"(anonymous_3)","decl":{"start":{"line":21,"column":36},"end":{"line":21,"column":42}},"loc":{"start":{"line":21,"column":46},"end":{"line":21,"column":58}}}},"branchMap":{},"s":{"0":5,"1":5,"2":5,"3":5,"4":5,"5":5,"6":5,"7":5,"8":5,"9":35,"10":35,"11":5,"12":5},"f":{"0":35,"1":35},"b":{}}
,"/home/jlopez/ProyectSonar/src/club/club.module.ts": {"path":"/home/jlopez/ProyectSonar/src/club/club.module.ts","statementMap":{"0":{"start":{"line":1,"column":0},"end":{"line":1,"column":40}},"1":{"start":{"line":2,"column":0},"end":{"line":2,"column":48}},"2":{"start":{"line":3,"column":0},"end":{"line":3,"column":43}},"3":{"start":{"line":4,"column":0},"end":{"line":4,"column":45}},"4":{"start":{"line":5,"column":0},"end":{"line":5,"column":51}},"5":{"start":{"line":12,"column":0},"end":{"line":12,"column":null}},"6":{"start":{"line":12,"column":13},"end":{"line":12,"column":null}},"7":{"start":{"line":12,"column":13},"end":{"line":12,"column":23}}},"fnMap":{},"branchMap":{},"s":{"0":0,"1":0,"2":0,"3":0,"4":0,"5":0,"6":0,"7":0},"f":{},"b":{}}
,"/home/jlopez/ProyectSonar/src/club/club.service.ts": {"path":"/home/jlopez/ProyectSonar/src/club/club.service.ts","statementMap":{"0":{"start":{"line":1,"column":0},"end":{"line":1,"column":44}},"1":{"start":{"line":2,"column":0},"end":{"line":2,"column":51}},"2":{"start":{"line":3,"column":0},"end":{"line":3,"column":89}},"3":{"start":{"line":4,"column":0},"end":{"line":4,"column":37}},"4":{"start":{"line":5,"column":0},"end":{"line":5,"column":43}},"5":{"start":{"line":8,"column":0},"end":{"line":43,"column":null}},"6":{"start":{"line":11,"column":25},"end":{"line":11,"column":41}},"7":{"start":{"line":15,"column":8},"end":{"line":15,"column":74}},"8":{"start":{"line":19,"column":33},"end":{"line":19,"column":108}},"9":{"start":{"line":20,"column":8},"end":{"line":21,"column":112}},"10":{"start":{"line":21,"column":10},"end":{"line":21,"column":112}},"11":{"start":{"line":22,"column":11},"end":{"line":22,"column":23}},"12":{"start":{"line":26,"column":8},"end":{"line":26,"column":52}},"13":{"start":{"line":30,"column":42},"end":{"line":30,"column":89}},"14":{"start":{"line":31,"column":8},"end":{"line":32,"column":112}},"15":{"start":{"line":32,"column":10},"end":{"line":32,"column":112}},"16":{"start":{"line":33,"column":8},"end":{"line":33,"column":21}},"17":{"start":{"line":34,"column":8},"end":{"line":34,"column":52}},"18":{"start":{"line":38,"column":33},"end":{"line":38,"column":80}},"19":{"start":{"line":39,"column":8},"end":{"line":40,"column":112}},"20":{"start":{"line":40,"column":10},"end":{"line":40,"column":112}},"21":{"start":{"line":41,"column":8},"end":{"line":41,"column":47}},"22":{"start":{"line":8,"column":13},"end":{"line":43,"column":null}},"23":{"start":{"line":8,"column":13},"end":{"line":8,"column":24}}},"fnMap":{"0":{"name":"(anonymous_4)","decl":{"start":{"line":9,"column":4},"end":{"line":9,"column":null}},"loc":{"start":{"line":11,"column":63},"end":{"line":12,"column":7}}},"1":{"name":"(anonymous_5)","decl":{"start":{"line":14,"column":4},"end":{"line":14,"column":9}},"loc":{"start":{"line":14,"column":17},"end":{"line":16,"column":5}}},"2":{"name":"(anonymous_6)","decl":{"start":{"line":18,"column":4},"end":{"line":18,"column":9}},"loc":{"start":{"line":18,"column":28},"end":{"line":23,"column":5}}},"3":{"name":"(anonymous_7)","decl":{"start":{"line":25,"column":4},"end":{"line":25,"column":9}},"loc":{"start":{"line":25,"column":33},"end":{"line":27,"column":5}}},"4":{"name":"(anonymous_8)","decl":{"start":{"line":29,"column":4},"end":{"line":29,"column":9}},"loc":{"start":{"line":29,"column":45},"end":{"line":35,"column":5}}},"5":{"name":"(anonymous_9)","decl":{"start":{"line":37,"column":4},"end":{"line":37,"column":9}},"loc":{"start":{"line":37,"column":27},"end":{"line":42,"column":5}}}},"branchMap":{"0":{"loc":{"start":{"line":20,"column":8},"end":{"line":21,"column":112}},"type":"if","locations":[{"start":{"line":20,"column":8},"end":{"line":21,"column":112}}]},"1":{"loc":{"start":{"line":31,"column":8},"end":{"line":32,"column":112}},"type":"if","locations":[{"start":{"line":31,"column":8},"end":{"line":32,"column":112}}]},"2":{"loc":{"start":{"line":39,"column":8},"end":{"line":40,"column":112}},"type":"if","locations":[{"start":{"line":39,"column":8},"end":{"line":40,"column":112}}]}},"s":{"0":1,"1":1,"2":1,"3":1,"4":1,"5":1,"6":9,"7":1,"8":2,"9":2,"10":1,"11":1,"12":1,"13":2,"14":2,"15":1,"16":1,"17":1,"18":3,"19":3,"20":1,"21":2,"22":1,"23":1},"f":{"0":9,"1":1,"2":2,"3":1,"4":2,"5":3},"b":{"0":[1],"1":[1],"2":[1]}}
,"/home/jlopez/ProyectSonar/src/club-member/club-member.controller.ts": {"path":"/home/jlopez/ProyectSonar/src/club-member/club-member.controller.ts","statementMap":{"0":{"start":{"line":1,"column":0},"end":{"line":1,"column":108}},"1":{"start":{"line":2,"column":0},"end":{"line":2,"column":95}},"2":{"start":{"line":3,"column":0},"end":{"line":3,"column":52}},"3":{"start":{"line":4,"column":0},"end":{"line":4,"column":58}},"4":{"start":{"line":5,"column":0},"end":{"line":5,"column":55}},"5":{"start":{"line":10,"column":0},"end":{"line":39,"column":null}},"6":{"start":{"line":11,"column":33},"end":{"line":11,"column":52}},"7":{"start":{"line":15,"column":7},"end":{"line":15,"column":77}},"8":{"start":{"line":20,"column":7},"end":{"line":20,"column":80}},"9":{"start":{"line":25,"column":7},"end":{"line":25,"column":71}},"10":{"start":{"line":30,"column":23},"end":{"line":30,"column":64}},"11":{"start":{"line":31,"column":7},"end":{"line":31,"column":82}},"12":{"start":{"line":37,"column":8},"end":{"line":37,"column":83}},"13":{"start":{"line":14,"column":4},"end":{"line":16,"column":null}},"14":{"start":{"line":19,"column":3},"end":{"line":21,"column":null}},"15":{"start":{"line":24,"column":3},"end":{"line":26,"column":null}},"16":{"start":{"line":29,"column":3},"end":{"line":32,"column":null}},"17":{"start":{"line":36,"column":4},"end":{"line":38,"column":null}},"18":{"start":{"line":10,"column":13},"end":{"line":39,"column":null}},"19":{"start":{"line":10,"column":13},"end":{"line":10,"column":33}}},"fnMap":{"0":{"name":"(anonymous_4)","decl":{"start":{"line":11,"column":4},"end":{"line":11,"column":33}},"loc":{"start":{"line":11,"column":69},"end":{"line":11,"column":73}}},"1":{"name":"(anonymous_5)","decl":{"start":{"line":14,"column":4},"end":{"line":14,"column":9}},"loc":{"start":{"line":14,"column":94},"end":{"line":16,"column":4}}},"2":{"name":"(anonymous_6)","decl":{"start":{"line":19,"column":3},"end":{"line":19,"column":8}},"loc":{"start":{"line":19,"column":95},"end":{"line":21,"column":4}}},"3":{"name":"(anonymous_7)","decl":{"start":{"line":24,"column":3},"end":{"line":24,"column":8}},"loc":{"start":{"line":24,"column":60},"end":{"line":26,"column":4}}},"4":{"name":"(anonymous_8)","decl":{"start":{"line":29,"column":3},"end":{"line":29,"column":8}},"loc":{"start":{"line":29,"column":95},"end":{"line":32,"column":4}}},"5":{"name":"(anonymous_9)","decl":{"start":{"line":36,"column":4},"end":{"line":36,"column":9}},"loc":{"start":{"line":36,"column":99},"end":{"line":38,"column":5}}}},"branchMap":{},"s":{"0":0,"1":0,"2":0,"3":0,"4":0,"5":0,"6":0,"7":0,"8":0,"9":0,"10":0,"11":0,"12":0,"13":0,"14":0,"15":0,"16":0,"17":0,"18":0,"19":0},"f":{"0":0,"1":0,"2":0,"3":0,"4":0,"5":0},"b":{}}
,"/home/jlopez/ProyectSonar/src/club-member/club-member.module.ts": {"path":"/home/jlopez/ProyectSonar/src/club-member/club-member.module.ts","statementMap":{"0":{"start":{"line":1,"column":0},"end":{"line":1,"column":40}},"1":{"start":{"line":2,"column":0},"end":{"line":2,"column":48}},"2":{"start":{"line":3,"column":0},"end":{"line":3,"column":50}},"3":{"start":{"line":4,"column":0},"end":{"line":4,"column":56}},"4":{"start":{"line":5,"column":0},"end":{"line":5,"column":58}},"5":{"start":{"line":6,"column":0},"end":{"line":6,"column":64}},"6":{"start":{"line":13,"column":0},"end":{"line":13,"column":null}},"7":{"start":{"line":13,"column":13},"end":{"line":13,"column":null}},"8":{"start":{"line":13,"column":13},"end":{"line":13,"column":29}}},"fnMap":{},"branchMap":{},"s":{"0":0,"1":0,"2":0,"3":0,"4":0,"5":0,"6":0,"7":0,"8":0},"f":{},"b":{}}
,"/home/jlopez/ProyectSonar/src/club-member/club-member.service.ts": {"path":"/home/jlopez/ProyectSonar/src/club-member/club-member.service.ts","statementMap":{"0":{"start":{"line":1,"column":0},"end":{"line":1,"column":44}},"1":{"start":{"line":2,"column":0},"end":{"line":2,"column":51}},"2":{"start":{"line":3,"column":0},"end":{"line":3,"column":49}},"3":{"start":{"line":4,"column":0},"end":{"line":4,"column":55}},"4":{"start":{"line":5,"column":0},"end":{"line":5,"column":37}},"5":{"start":{"line":6,"column":0},"end":{"line":6,"column":89}},"6":{"start":{"line":9,"column":0},"end":{"line":89,"column":null}},"7":{"start":{"line":12,"column":21},"end":{"line":12,"column":37}},"8":{"start":{"line":15,"column":21},"end":{"line":15,"column":39}},"9":{"start":{"line":19,"column":33},"end":{"line":19,"column":93}},"10":{"start":{"line":20,"column":4},"end":{"line":21,"column":111}},"11":{"start":{"line":21,"column":6},"end":{"line":21,"column":111}},"12":{"start":{"line":23,"column":29},"end":{"line":23,"column":109}},"13":{"start":{"line":24,"column":4},"end":{"line":25,"column":109}},"14":{"start":{"line":25,"column":6},"end":{"line":25,"column":109}},"15":{"start":{"line":27,"column":4},"end":{"line":27,"column":45}},"16":{"start":{"line":28,"column":4},"end":{"line":28,"column":48}},"17":{"start":{"line":32,"column":29},"end":{"line":32,"column":109}},"18":{"start":{"line":33,"column":4},"end":{"line":34,"column":null}},"19":{"start":{"line":34,"column":6},"end":{"line":34,"column":null}},"20":{"start":{"line":36,"column":4},"end":{"line":36,"column":24}},"21":{"start":{"line":40,"column":33},"end":{"line":40,"column":93}},"22":{"start":{"line":41,"column":4},"end":{"line":42,"column":null}},"23":{"start":{"line":42,"column":6},"end":{"line":42,"column":null}},"24":{"start":{"line":44,"column":29},"end":{"line":44,"column":109}},"25":{"start":{"line":45,"column":4},"end":{"line":46,"column":null}},"26":{"start":{"line":46,"column":6},"end":{"line":46,"column":null}},"27":{"start":{"line":48,"column":37},"end":{"line":48,"column":79}},"28":{"start":{"line":48,"column":60},"end":{"line":48,"column":78}},"29":{"start":{"line":50,"column":4},"end":{"line":51,"column":null}},"30":{"start":{"line":51,"column":6},"end":{"line":51,"column":null}},"31":{"start":{"line":53,"column":4},"end":{"line":53,"column":22}},"32":{"start":{"line":57,"column":29},"end":{"line":57,"column":109}},"33":{"start":{"line":59,"column":4},"end":{"line":60,"column":null}},"34":{"start":{"line":60,"column":6},"end":{"line":60,"column":null}},"35":{"start":{"line":62,"column":4},"end":{"line":66,"column":null}},"36":{"start":{"line":62,"column":17},"end":{"line":62,"column":18}},"37":{"start":{"line":63,"column":35},"end":{"line":63,"column":100}},"38":{"start":{"line":64,"column":6},"end":{"line":65,"column":null}},"39":{"start":{"line":65,"column":8},"end":{"line":65,"column":null}},"40":{"start":{"line":68,"column":4},"end":{"line":68,"column":27}},"41":{"start":{"line":69,"column":4},"end":{"line":69,"column":48}},"42":{"start":{"line":73,"column":33},"end":{"line":73,"column":93}},"43":{"start":{"line":74,"column":4},"end":{"line":75,"column":null}},"44":{"start":{"line":75,"column":6},"end":{"line":75,"column":null}},"45":{"start":{"line":77,"column":29},"end":{"line":77,"column":109}},"46":{"start":{"line":78,"column":4},"end":{"line":79,"column":null}},"47":{"start":{"line":79,"column":6},"end":{"line":79,"column":null}},"48":{"start":{"line":81,"column":37},"end":{"line":81,"column":79}},"49":{"start":{"line":81,"column":60},"end":{"line":81,"column":78}},"50":{"start":{"line":83,"column":4},"end":{"line":84,"column":null}},"51":{"start":{"line":84,"column":8},"end":{"line":84,"column":null}},"52":{"start":{"line":86,"column":4},"end":{"line":86,"column":63}},"53":{"start":{"line":86,"column":44},"end":{"line":86,"column":61}},"54":{"start":{"line":87,"column":4},"end":{"line":87,"column":41}},"55":{"start":{"line":9,"column":13},"end":{"line":89,"column":null}},"56":{"start":{"line":9,"column":13},"end":{"line":9,"column":30}}},"fnMap":{"0":{"name":"(anonymous_4)","decl":{"start":{"line":10,"column":3},"end":{"line":10,"column":null}},"loc":{"start":{"line":15,"column":63},"end":{"line":16,"column":4}}},"1":{"name":"(anonymous_5)","decl":{"start":{"line":18,"column":0},"end":{"line":18,"column":5}},"loc":{"start":{"line":18,"column":54},"end":{"line":29,"column":3}}},"2":{"name":"(anonymous_6)","decl":{"start":{"line":31,"column":0},"end":{"line":31,"column":5}},"loc":{"start":{"line":31,"column":40},"end":{"line":37,"column":3}}},"3":{"name":"(anonymous_7)","decl":{"start":{"line":39,"column":0},"end":{"line":39,"column":5}},"loc":{"start":{"line":39,"column":57},"end":{"line":54,"column":1}}},"4":{"name":"(anonymous_8)","decl":{"start":{"line":48,"column":55},"end":{"line":48,"column":56}},"loc":{"start":{"line":48,"column":60},"end":{"line":48,"column":78}}},"5":{"name":"(anonymous_9)","decl":{"start":{"line":56,"column":0},"end":{"line":56,"column":5}},"loc":{"start":{"line":56,"column":67},"end":{"line":70,"column":3}}},"6":{"name":"(anonymous_10)","decl":{"start":{"line":72,"column":0},"end":{"line":72,"column":5}},"loc":{"start":{"line":72,"column":59},"end":{"line":88,"column":3}}},"7":{"name":"(anonymous_11)","decl":{"start":{"line":81,"column":55},"end":{"line":81,"column":56}},"loc":{"start":{"line":81,"column":60},"end":{"line":81,"column":78}}},"8":{"name":"(anonymous_12)","decl":{"start":{"line":86,"column":39},"end":{"line":86,"column":40}},"loc":{"start":{"line":86,"column":44},"end":{"line":86,"column":61}}}},"branchMap":{"0":{"loc":{"start":{"line":20,"column":4},"end":{"line":21,"column":111}},"type":"if","locations":[{"start":{"line":20,"column":4},"end":{"line":21,"column":111}}]},"1":{"loc":{"start":{"line":24,"column":4},"end":{"line":25,"column":109}},"type":"if","locations":[{"start":{"line":24,"column":4},"end":{"line":25,"column":109}}]},"2":{"loc":{"start":{"line":33,"column":4},"end":{"line":34,"column":null}},"type":"if","locations":[{"start":{"line":33,"column":4},"end":{"line":34,"column":null}}]},"3":{"loc":{"start":{"line":41,"column":4},"end":{"line":42,"column":null}},"type":"if","locations":[{"start":{"line":41,"column":4},"end":{"line":42,"column":null}}]},"4":{"loc":{"start":{"line":45,"column":4},"end":{"line":46,"column":null}},"type":"if","locations":[{"start":{"line":45,"column":4},"end":{"line":46,"column":null}}]},"5":{"loc":{"start":{"line":50,"column":4},"end":{"line":51,"column":null}},"type":"if","locations":[{"start":{"line":50,"column":4},"end":{"line":51,"column":null}}]},"6":{"loc":{"start":{"line":59,"column":4},"end":{"line":60,"column":null}},"type":"if","locations":[{"start":{"line":59,"column":4},"end":{"line":60,"column":null}}]},"7":{"loc":{"start":{"line":64,"column":6},"end":{"line":65,"column":null}},"type":"if","locations":[{"start":{"line":64,"column":6},"end":{"line":65,"column":null}}]},"8":{"loc":{"start":{"line":74,"column":4},"end":{"line":75,"column":null}},"type":"if","locations":[{"start":{"line":74,"column":4},"end":{"line":75,"column":null}}]},"9":{"loc":{"start":{"line":78,"column":4},"end":{"line":79,"column":null}},"type":"if","locations":[{"start":{"line":78,"column":4},"end":{"line":79,"column":null}}]},"10":{"loc":{"start":{"line":83,"column":4},"end":{"line":84,"column":null}},"type":"if","locations":[{"start":{"line":83,"column":4},"end":{"line":84,"column":null}}]}},"s":{"0":1,"1":1,"2":1,"3":1,"4":1,"5":1,"6":1,"7":17,"8":17,"9":3,"10":3,"11":1,"12":2,"13":2,"14":1,"15":1,"16":1,"17":2,"18":2,"19":1,"20":1,"21":4,"22":4,"23":1,"24":3,"25":3,"26":1,"27":2,"28":9,"29":2,"30":1,"31":1,"32":3,"33":3,"34":1,"35":2,"36":2,"37":2,"38":2,"39":1,"40":1,"41":1,"42":4,"43":4,"44":1,"45":3,"46":3,"47":1,"48":2,"49":9,"50":2,"51":1,"52":1,"53":5,"54":1,"55":1,"56":1},"f":{"0":17,"1":3,"2":2,"3":4,"4":9,"5":3,"6":4,"7":9,"8":5},"b":{"0":[1],"1":[1],"2":[1],"3":[1],"4":[1],"5":[1],"6":[1],"7":[1],"8":[1],"9":[1],"10":[1]}}
,"/home/jlopez/ProyectSonar/src/member/member.controller.ts": {"path":"/home/jlopez/ProyectSonar/src/member/member.controller.ts","statementMap":{"0":{"start":{"line":1,"column":0},"end":{"line":1,"column":108}},"1":{"start":{"line":2,"column":0},"end":{"line":2,"column":52}},"2":{"start":{"line":3,"column":0},"end":{"line":3,"column":95}},"3":{"start":{"line":4,"column":0},"end":{"line":4,"column":41}},"4":{"start":{"line":5,"column":0},"end":{"line":5,"column":47}},"5":{"start":{"line":6,"column":0},"end":{"line":6,"column":49}},"6":{"start":{"line":10,"column":0},"end":{"line":39,"column":null}},"7":{"start":{"line":10,"column":60},"end":{"line":10,"column":75}},"8":{"start":{"line":14,"column":2},"end":{"line":14,"column":44}},"9":{"start":{"line":19,"column":2},"end":{"line":19,"column":52}},"10":{"start":{"line":24,"column":31},"end":{"line":24,"column":71}},"11":{"start":{"line":25,"column":2},"end":{"line":25,"column":49}},"12":{"start":{"line":30,"column":31},"end":{"line":30,"column":71}},"13":{"start":{"line":31,"column":2},"end":{"line":31,"column":59}},"14":{"start":{"line":37,"column":2},"end":{"line":37,"column":51}},"15":{"start":{"line":13,"column":0},"end":{"line":15,"column":null}},"16":{"start":{"line":18,"column":0},"end":{"line":20,"column":null}},"17":{"start":{"line":23,"column":0},"end":{"line":26,"column":null}},"18":{"start":{"line":29,"column":0},"end":{"line":32,"column":null}},"19":{"start":{"line":36,"column":0},"end":{"line":38,"column":null}},"20":{"start":{"line":10,"column":13},"end":{"line":39,"column":null}},"21":{"start":{"line":10,"column":13},"end":{"line":10,"column":29}}},"fnMap":{"0":{"name":"(anonymous_4)","decl":{"start":{"line":10,"column":31},"end":{"line":10,"column":60}},"loc":{"start":{"line":10,"column":88},"end":{"line":10,"column":92}}},"1":{"name":"(anonymous_5)","decl":{"start":{"line":13,"column":0},"end":{"line":13,"column":5}},"loc":{"start":{"line":13,"column":13},"end":{"line":15,"column":1}}},"2":{"name":"(anonymous_6)","decl":{"start":{"line":18,"column":0},"end":{"line":18,"column":5}},"loc":{"start":{"line":18,"column":49},"end":{"line":20,"column":1}}},"3":{"name":"(anonymous_7)","decl":{"start":{"line":23,"column":0},"end":{"line":23,"column":5}},"loc":{"start":{"line":23,"column":41},"end":{"line":26,"column":1}}},"4":{"name":"(anonymous_8)","decl":{"start":{"line":29,"column":0},"end":{"line":29,"column":5}},"loc":{"start":{"line":29,"column":78},"end":{"line":32,"column":1}}},"5":{"name":"(anonymous_9)","decl":{"start":{"line":36,"column":0},"end":{"line":36,"column":5}},"loc":{"start":{"line":36,"column":48},"end":{"line":38,"column":1}}}},"branchMap":{},"s":{"0":0,"1":0,"2":0,"3":0,"4":0,"5":0,"6":0,"7":0,"8":0,"9":0,"10":0,"11":0,"12":0,"13":0,"14":0,"15":0,"16":0,"17":0,"18":0,"19":0,"20":0,"21":0},"f":{"0":0,"1":0,"2":0,"3":0,"4":0,"5":0},"b":{}}
,"/home/jlopez/ProyectSonar/src/member/member.dto.ts": {"path":"/home/jlopez/ProyectSonar/src/member/member.dto.ts","statementMap":{"0":{"start":{"line":1,"column":0},"end":{"line":1,"column":70}},"1":{"start":{"line":6,"column":4},"end":{"line":6,"column":null}},"2":{"start":{"line":10,"column":4},"end":{"line":10,"column":null}},"3":{"start":{"line":14,"column":4},"end":{"line":14,"column":null}},"4":{"start":{"line":2,"column":0},"end":{"line":2,"column":13}}},"fnMap":{},"branchMap":{},"s":{"0":1,"1":1,"2":1,"3":1,"4":1},"f":{},"b":{}}
,"/home/jlopez/ProyectSonar/src/member/member.entity.ts": {"path":"/home/jlopez/ProyectSonar/src/member/member.entity.ts","statementMap":{"0":{"start":{"line":1,"column":0},"end":{"line":1,"column":77}},"1":{"start":{"line":2,"column":0},"end":{"line":2,"column":49}},"2":{"start":{"line":5,"column":0},"end":{"line":20,"column":null}},"3":{"start":{"line":7,"column":4},"end":{"line":7,"column":null}},"4":{"start":{"line":10,"column":4},"end":{"line":10,"column":null}},"5":{"start":{"line":13,"column":4},"end":{"line":13,"column":null}},"6":{"start":{"line":16,"column":4},"end":{"line":16,"column":null}},"7":{"start":{"line":19,"column":4},"end":{"line":19,"column":null}},"8":{"start":{"line":18,"column":22},"end":{"line":18,"column":32}},"9":{"start":{"line":18,"column":42},"end":{"line":18,"column":54}},"10":{"start":{"line":5,"column":13},"end":{"line":20,"column":null}},"11":{"start":{"line":5,"column":13},"end":{"line":5,"column":25}}},"fnMap":{"0":{"name":"(anonymous_2)","decl":{"start":{"line":18,"column":16},"end":{"line":18,"column":19}},"loc":{"start":{"line":18,"column":22},"end":{"line":18,"column":32}}},"1":{"name":"(anonymous_3)","decl":{"start":{"line":18,"column":34},"end":{"line":18,"column":38}},"loc":{"start":{"line":18,"column":42},"end":{"line":18,"column":54}}}},"branchMap":{},"s":{"0":5,"1":5,"2":5,"3":5,"4":5,"5":5,"6":5,"7":5,"8":35,"9":35,"10":5,"11":5},"f":{"0":35,"1":35},"b":{}}
,"/home/jlopez/ProyectSonar/src/member/member.module.ts": {"path":"/home/jlopez/ProyectSonar/src/member/member.module.ts","statementMap":{"0":{"start":{"line":1,"column":0},"end":{"line":1,"column":40}},"1":{"start":{"line":2,"column":0},"end":{"line":2,"column":48}},"2":{"start":{"line":3,"column":0},"end":{"line":3,"column":49}},"3":{"start":{"line":4,"column":0},"end":{"line":4,"column":47}},"4":{"start":{"line":5,"column":0},"end":{"line":5,"column":55}},"5":{"start":{"line":12,"column":0},"end":{"line":12,"column":null}},"6":{"start":{"line":12,"column":13},"end":{"line":12,"column":null}},"7":{"start":{"line":12,"column":13},"end":{"line":12,"column":25}}},"fnMap":{},"branchMap":{},"s":{"0":0,"1":0,"2":0,"3":0,"4":0,"5":0,"6":0,"7":0},"f":{},"b":{}}
,"/home/jlopez/ProyectSonar/src/member/member.service.ts": {"path":"/home/jlopez/ProyectSonar/src/member/member.service.ts","statementMap":{"0":{"start":{"line":1,"column":0},"end":{"line":1,"column":44}},"1":{"start":{"line":2,"column":0},"end":{"line":2,"column":51}},"2":{"start":{"line":3,"column":0},"end":{"line":3,"column":89}},"3":{"start":{"line":4,"column":0},"end":{"line":4,"column":37}},"4":{"start":{"line":5,"column":0},"end":{"line":5,"column":47}},"5":{"start":{"line":8,"column":0},"end":{"line":45,"column":null}},"6":{"start":{"line":12,"column":25},"end":{"line":12,"column":43}},"7":{"start":{"line":16,"column":8},"end":{"line":16,"column":74}},"8":{"start":{"line":20,"column":37},"end":{"line":20,"column":112}},"9":{"start":{"line":21,"column":8},"end":{"line":22,"column":114}},"10":{"start":{"line":22,"column":10},"end":{"line":22,"column":114}},"11":{"start":{"line":23,"column":11},"end":{"line":23,"column":25}},"12":{"start":{"line":27,"column":8},"end":{"line":27,"column":56}},"13":{"start":{"line":31,"column":47},"end":{"line":31,"column":96}},"14":{"start":{"line":32,"column":8},"end":{"line":33,"column":114}},"15":{"start":{"line":33,"column":10},"end":{"line":33,"column":114}},"16":{"start":{"line":34,"column":8},"end":{"line":34,"column":23}},"17":{"start":{"line":35,"column":8},"end":{"line":35,"column":56}},"18":{"start":{"line":39,"column":37},"end":{"line":39,"column":86}},"19":{"start":{"line":40,"column":8},"end":{"line":41,"column":114}},"20":{"start":{"line":41,"column":10},"end":{"line":41,"column":114}},"21":{"start":{"line":43,"column":8},"end":{"line":43,"column":51}},"22":{"start":{"line":8,"column":13},"end":{"line":45,"column":null}},"23":{"start":{"line":8,"column":13},"end":{"line":8,"column":26}}},"fnMap":{"0":{"name":"(anonymous_4)","decl":{"start":{"line":10,"column":4},"end":{"line":10,"column":null}},"loc":{"start":{"line":12,"column":67},"end":{"line":13,"column":7}}},"1":{"name":"(anonymous_5)","decl":{"start":{"line":15,"column":4},"end":{"line":15,"column":9}},"loc":{"start":{"line":15,"column":17},"end":{"line":17,"column":5}}},"2":{"name":"(anonymous_6)","decl":{"start":{"line":19,"column":4},"end":{"line":19,"column":9}},"loc":{"start":{"line":19,"column":28},"end":{"line":24,"column":5}}},"3":{"name":"(anonymous_7)","decl":{"start":{"line":26,"column":4},"end":{"line":26,"column":9}},"loc":{"start":{"line":26,"column":37},"end":{"line":28,"column":5}}},"4":{"name":"(anonymous_8)","decl":{"start":{"line":30,"column":4},"end":{"line":30,"column":9}},"loc":{"start":{"line":30,"column":49},"end":{"line":36,"column":5}}},"5":{"name":"(anonymous_9)","decl":{"start":{"line":38,"column":4},"end":{"line":38,"column":9}},"loc":{"start":{"line":38,"column":27},"end":{"line":44,"column":5}}}},"branchMap":{"0":{"loc":{"start":{"line":21,"column":8},"end":{"line":22,"column":114}},"type":"if","locations":[{"start":{"line":21,"column":8},"end":{"line":22,"column":114}}]},"1":{"loc":{"start":{"line":32,"column":8},"end":{"line":33,"column":114}},"type":"if","locations":[{"start":{"line":32,"column":8},"end":{"line":33,"column":114}}]},"2":{"loc":{"start":{"line":40,"column":8},"end":{"line":41,"column":114}},"type":"if","locations":[{"start":{"line":40,"column":8},"end":{"line":41,"column":114}}]}},"s":{"0":1,"1":1,"2":1,"3":1,"4":1,"5":1,"6":9,"7":1,"8":2,"9":2,"10":1,"11":1,"12":1,"13":2,"14":2,"15":1,"16":1,"17":1,"18":3,"19":3,"20":1,"21":2,"22":1,"23":1},"f":{"0":9,"1":1,"2":2,"3":1,"4":2,"5":3},"b":{"0":[1],"1":[1],"2":[1]}}
,"/home/jlopez/ProyectSonar/src/shared/errors/business-errors.ts": {"path":"/home/jlopez/ProyectSonar/src/shared/errors/business-errors.ts","statementMap":{"0":{"start":{"line":2,"column":4},"end":{"line":2,"column":27}},"1":{"start":{"line":3,"column":4},"end":{"line":3,"column":21}},"2":{"start":{"line":1,"column":0},"end":{"line":1,"column":16}},"3":{"start":{"line":6,"column":2},"end":{"line":6,"column":null}},"4":{"start":{"line":7,"column":4},"end":{"line":7,"column":null}},"5":{"start":{"line":8,"column":4},"end":{"line":8,"column":null}},"6":{"start":{"line":9,"column":4},"end":{"line":9,"column":null}}},"fnMap":{"0":{"name":"BusinessLogicException","decl":{"start":{"line":1,"column":16},"end":{"line":1,"column":38}},"loc":{"start":{"line":1,"column":68},"end":{"line":4,"column":3}}},"1":{"name":"(anonymous_1)","decl":{"start":{"line":6,"column":2},"end":{"line":6,"column":14}},"loc":{"start":{"line":6,"column":27},"end":{"line":10,"column":3}}}},"branchMap":{"0":{"loc":{"start":{"line":6,"column":14},"end":{"line":6,"column":null}},"type":"binary-expr","locations":[{"start":{"line":6,"column":14},"end":{"line":6,"column":27}},{"start":{"line":6,"column":14},"end":{"line":6,"column":null}}]}},"s":{"0":17,"1":17,"2":4,"3":4,"4":4,"5":4,"6":4},"f":{"0":17,"1":4},"b":{"0":[4,4]}}
,"/home/jlopez/ProyectSonar/src/shared/interceptors/business-errors.interceptor.ts": {"path":"/home/jlopez/ProyectSonar/src/shared/interceptors/business-errors.interceptor.ts","statementMap":{"0":{"start":{"line":1,"column":0},"end":{"line":1,"column":null}},"1":{"start":{"line":9,"column":0},"end":{"line":9,"column":46}},"2":{"start":{"line":10,"column":0},"end":{"line":10,"column":58}},"3":{"start":{"line":13,"column":0},"end":{"line":30,"column":null}},"4":{"start":{"line":15,"column":4},"end":{"line":28,"column":6}},"5":{"start":{"line":17,"column":8},"end":{"line":26,"column":25}},"6":{"start":{"line":18,"column":10},"end":{"line":18,"column":71}},"7":{"start":{"line":19,"column":13},"end":{"line":26,"column":25}},"8":{"start":{"line":20,"column":10},"end":{"line":23,"column":12}},"9":{"start":{"line":24,"column":13},"end":{"line":26,"column":25}},"10":{"start":{"line":25,"column":10},"end":{"line":25,"column":73}},"11":{"start":{"line":26,"column":13},"end":{"line":26,"column":25}},"12":{"start":{"line":13,"column":13},"end":{"line":30,"column":null}},"13":{"start":{"line":13,"column":13},"end":{"line":13,"column":38}}},"fnMap":{"0":{"name":"(anonymous_1)","decl":{"start":{"line":14,"column":2},"end":{"line":14,"column":11}},"loc":{"start":{"line":14,"column":56},"end":{"line":29,"column":3}}},"1":{"name":"(anonymous_2)","decl":{"start":{"line":16,"column":17},"end":{"line":16,"column":18}},"loc":{"start":{"line":16,"column":27},"end":{"line":27,"column":7}}}},"branchMap":{"0":{"loc":{"start":{"line":17,"column":8},"end":{"line":26,"column":25}},"type":"if","locations":[{"start":{"line":17,"column":8},"end":{"line":26,"column":25}},{"start":{"line":19,"column":13},"end":{"line":26,"column":25}}]},"1":{"loc":{"start":{"line":19,"column":13},"end":{"line":26,"column":25}},"type":"if","locations":[{"start":{"line":19,"column":13},"end":{"line":26,"column":25}},{"start":{"line":24,"column":13},"end":{"line":26,"column":25}}]},"2":{"loc":{"start":{"line":24,"column":13},"end":{"line":26,"column":25}},"type":"if","locations":[{"start":{"line":24,"column":13},"end":{"line":26,"column":25}},{"start":{"line":26,"column":13},"end":{"line":26,"column":25}}]}},"s":{"0":1,"1":1,"2":1,"3":1,"4":0,"5":0,"6":0,"7":0,"8":0,"9":0,"10":0,"11":0,"12":1,"13":1},"f":{"0":0,"1":0},"b":{"0":[0,0],"1":[0,0],"2":[0,0]}}
,"/home/jlopez/ProyectSonar/src/shared/testing-utils/typeorm-testing-config.ts": {"path":"/home/jlopez/ProyectSonar/src/shared/testing-utils/typeorm-testing-config.ts","statementMap":{"0":{"start":{"line":1,"column":0},"end":{"line":1,"column":48}},"1":{"start":{"line":2,"column":0},"end":{"line":2,"column":52}},"2":{"start":{"line":3,"column":0},"end":{"line":3,"column":59}},"3":{"start":{"line":5,"column":36},"end":{"line":15,"column":2}},"4":{"start":{"line":5,"column":42},"end":{"line":15,"column":2}},"5":{"start":{"line":5,"column":13},"end":{"line":5,"column":36}}},"fnMap":{"0":{"name":"(anonymous_0)","decl":{"start":{"line":5,"column":36},"end":{"line":5,"column":39}},"loc":{"start":{"line":5,"column":42},"end":{"line":15,"column":2}}}},"branchMap":{},"s":{"0":3,"1":3,"2":3,"3":3,"4":35,"5":3},"f":{"0":35},"b":{}}
}
