TN:
SF:src/app.controller.ts
FN:6,(anonymous_2)
FN:9,(anonymous_3)
FNF:2
FNH:2
FNDA:1,(anonymous_2)
FNDA:1,(anonymous_3)
DA:1,1
DA:2,1
DA:5,1
DA:6,1
DA:9,1
DA:10,1
LF:6
LH:6
BRF:0
BRH:0
end_of_record
TN:
SF:src/app.module.ts
FNF:0
FNH:0
DA:1,0
DA:2,0
DA:3,0
DA:4,0
DA:5,0
DA:6,0
DA:7,0
DA:8,0
DA:9,0
DA:30,0
LF:10
LH:0
BRF:0
BRH:0
end_of_record
TN:
SF:src/app.service.ts
FN:5,(anonymous_1)
FNF:1
FNH:1
FNDA:1,(anonymous_1)
DA:1,1
DA:4,1
DA:6,1
LF:3
LH:3
BRF:0
BRH:0
end_of_record
TN:
SF:src/main.ts
FN:5,bootstrap
FNF:1
FNH:0
FNDA:0,bootstrap
DA:1,0
DA:2,0
DA:3,0
DA:6,0
DA:7,0
DA:13,0
DA:15,0
DA:17,0
LF:8
LH:0
BRF:0
BRH:0
end_of_record
TN:
SF:src/club/club.controller.ts
FN:10,(anonymous_4)
FN:13,(anonymous_5)
FN:18,(anonymous_6)
FN:23,(anonymous_7)
FN:29,(anonymous_8)
FN:36,(anonymous_9)
FNF:6
FNH:0
FNDA:0,(anonymous_4)
FNDA:0,(anonymous_5)
FNDA:0,(anonymous_6)
FNDA:0,(anonymous_7)
FNDA:0,(anonymous_8)
FNDA:0,(anonymous_9)
DA:1,0
DA:2,0
DA:3,0
DA:4,0
DA:5,0
DA:6,0
DA:10,0
DA:13,0
DA:14,0
DA:18,0
DA:19,0
DA:23,0
DA:24,0
DA:25,0
DA:29,0
DA:30,0
DA:31,0
DA:36,0
DA:37,0
LF:19
LH:0
BRF:0
BRH:0
end_of_record
TN:
SF:src/club/club.dto.ts
FNF:0
FNH:0
DA:1,1
DA:2,1
DA:6,1
DA:11,1
DA:15,1
DA:20,1
LF:6
LH:6
BRF:0
BRH:0
end_of_record
TN:
SF:src/club/club.entity.ts
FN:21,(anonymous_2)
FN:21,(anonymous_3)
FNF:2
FNH:2
FNDA:35,(anonymous_2)
FNDA:35,(anonymous_3)
DA:1,5
DA:2,5
DA:5,5
DA:7,5
DA:10,5
DA:13,5
DA:16,5
DA:19,5
DA:21,35
DA:23,5
LF:10
LH:10
BRF:0
BRH:0
end_of_record
TN:
SF:src/club/club.module.ts
FNF:0
FNH:0
DA:1,0
DA:2,0
DA:3,0
DA:4,0
DA:5,0
DA:12,0
LF:6
LH:0
BRF:0
BRH:0
end_of_record
TN:
SF:src/club/club.service.ts
FN:9,(anonymous_4)
FN:14,(anonymous_5)
FN:18,(anonymous_6)
FN:25,(anonymous_7)
FN:29,(anonymous_8)
FN:37,(anonymous_9)
FNF:6
FNH:6
FNDA:9,(anonymous_4)
FNDA:1,(anonymous_5)
FNDA:2,(anonymous_6)
FNDA:1,(anonymous_7)
FNDA:2,(anonymous_8)
FNDA:3,(anonymous_9)
DA:1,1
DA:2,1
DA:3,1
DA:4,1
DA:5,1
DA:8,1
DA:11,9
DA:15,1
DA:19,2
DA:20,2
DA:21,1
DA:22,1
DA:26,1
DA:30,2
DA:31,2
DA:32,1
DA:33,1
DA:34,1
DA:38,3
DA:39,3
DA:40,1
DA:41,2
LF:22
LH:22
BRDA:20,0,0,1
BRDA:31,1,0,1
BRDA:39,2,0,1
BRF:3
BRH:3
end_of_record
TN:
SF:src/club-member/club-member.controller.ts
FN:11,(anonymous_4)
FN:14,(anonymous_5)
FN:19,(anonymous_6)
FN:24,(anonymous_7)
FN:29,(anonymous_8)
FN:36,(anonymous_9)
FNF:6
FNH:0
FNDA:0,(anonymous_4)
FNDA:0,(anonymous_5)
FNDA:0,(anonymous_6)
FNDA:0,(anonymous_7)
FNDA:0,(anonymous_8)
FNDA:0,(anonymous_9)
DA:1,0
DA:2,0
DA:3,0
DA:4,0
DA:5,0
DA:10,0
DA:11,0
DA:14,0
DA:15,0
DA:19,0
DA:20,0
DA:24,0
DA:25,0
DA:29,0
DA:30,0
DA:31,0
DA:36,0
DA:37,0
LF:18
LH:0
BRF:0
BRH:0
end_of_record
TN:
SF:src/club-member/club-member.module.ts
FNF:0
FNH:0
DA:1,0
DA:2,0
DA:3,0
DA:4,0
DA:5,0
DA:6,0
DA:13,0
LF:7
LH:0
BRF:0
BRH:0
end_of_record
TN:
SF:src/club-member/club-member.service.ts
FN:10,(anonymous_4)
FN:18,(anonymous_5)
FN:31,(anonymous_6)
FN:39,(anonymous_7)
FN:48,(anonymous_8)
FN:56,(anonymous_9)
FN:72,(anonymous_10)
FN:81,(anonymous_11)
FN:86,(anonymous_12)
FNF:9
FNH:9
FNDA:17,(anonymous_4)
FNDA:3,(anonymous_5)
FNDA:2,(anonymous_6)
FNDA:4,(anonymous_7)
FNDA:9,(anonymous_8)
FNDA:3,(anonymous_9)
FNDA:4,(anonymous_10)
FNDA:9,(anonymous_11)
FNDA:5,(anonymous_12)
DA:1,1
DA:2,1
DA:3,1
DA:4,1
DA:5,1
DA:6,1
DA:9,1
DA:12,17
DA:15,17
DA:19,3
DA:20,3
DA:21,1
DA:23,2
DA:24,2
DA:25,1
DA:27,1
DA:28,1
DA:32,2
DA:33,2
DA:34,1
DA:36,1
DA:40,4
DA:41,4
DA:42,1
DA:44,3
DA:45,3
DA:46,1
DA:48,9
DA:50,2
DA:51,1
DA:53,1
DA:57,3
DA:59,3
DA:60,1
DA:62,2
DA:63,2
DA:64,2
DA:65,1
DA:68,1
DA:69,1
DA:73,4
DA:74,4
DA:75,1
DA:77,3
DA:78,3
DA:79,1
DA:81,9
DA:83,2
DA:84,1
DA:86,5
DA:87,1
LF:51
LH:51
BRDA:20,0,0,1
BRDA:24,1,0,1
BRDA:33,2,0,1
BRDA:41,3,0,1
BRDA:45,4,0,1
BRDA:50,5,0,1
BRDA:59,6,0,1
BRDA:64,7,0,1
BRDA:74,8,0,1
BRDA:78,9,0,1
BRDA:83,10,0,1
BRF:11
BRH:11
end_of_record
TN:
SF:src/member/member.controller.ts
FN:10,(anonymous_4)
FN:13,(anonymous_5)
FN:18,(anonymous_6)
FN:23,(anonymous_7)
FN:29,(anonymous_8)
FN:36,(anonymous_9)
FNF:6
FNH:0
FNDA:0,(anonymous_4)
FNDA:0,(anonymous_5)
FNDA:0,(anonymous_6)
FNDA:0,(anonymous_7)
FNDA:0,(anonymous_8)
FNDA:0,(anonymous_9)
DA:1,0
DA:2,0
DA:3,0
DA:4,0
DA:5,0
DA:6,0
DA:10,0
DA:13,0
DA:14,0
DA:18,0
DA:19,0
DA:23,0
DA:24,0
DA:25,0
DA:29,0
DA:30,0
DA:31,0
DA:36,0
DA:37,0
LF:19
LH:0
BRF:0
BRH:0
end_of_record
TN:
SF:src/member/member.dto.ts
FNF:0
FNH:0
DA:1,1
DA:2,1
DA:6,1
DA:10,1
DA:14,1
LF:5
LH:5
BRF:0
BRH:0
end_of_record
TN:
SF:src/member/member.entity.ts
FN:18,(anonymous_2)
FN:18,(anonymous_3)
FNF:2
FNH:2
FNDA:35,(anonymous_2)
FNDA:35,(anonymous_3)
DA:1,5
DA:2,5
DA:5,5
DA:7,5
DA:10,5
DA:13,5
DA:16,5
DA:18,35
DA:19,5
LF:9
LH:9
BRF:0
BRH:0
end_of_record
TN:
SF:src/member/member.module.ts
FNF:0
FNH:0
DA:1,0
DA:2,0
DA:3,0
DA:4,0
DA:5,0
DA:12,0
LF:6
LH:0
BRF:0
BRH:0
end_of_record
TN:
SF:src/member/member.service.ts
FN:10,(anonymous_4)
FN:15,(anonymous_5)
FN:19,(anonymous_6)
FN:26,(anonymous_7)
FN:30,(anonymous_8)
FN:38,(anonymous_9)
FNF:6
FNH:6
FNDA:9,(anonymous_4)
FNDA:1,(anonymous_5)
FNDA:2,(anonymous_6)
FNDA:1,(anonymous_7)
FNDA:2,(anonymous_8)
FNDA:3,(anonymous_9)
DA:1,1
DA:2,1
DA:3,1
DA:4,1
DA:5,1
DA:8,1
DA:12,9
DA:16,1
DA:20,2
DA:21,2
DA:22,1
DA:23,1
DA:27,1
DA:31,2
DA:32,2
DA:33,1
DA:34,1
DA:35,1
DA:39,3
DA:40,3
DA:41,1
DA:43,2
LF:22
LH:22
BRDA:21,0,0,1
BRDA:32,1,0,1
BRDA:40,2,0,1
BRF:3
BRH:3
end_of_record
TN:
SF:src/shared/errors/business-errors.ts
FN:1,BusinessLogicException
FN:6,(anonymous_1)
FNF:2
FNH:2
FNDA:17,BusinessLogicException
FNDA:4,(anonymous_1)
DA:1,4
DA:2,17
DA:3,17
DA:6,4
DA:7,4
DA:8,4
DA:9,4
LF:7
LH:7
BRDA:6,0,0,4
BRDA:6,0,1,4
BRF:2
BRH:2
end_of_record
TN:
SF:src/shared/interceptors/business-errors.interceptor.ts
FN:14,(anonymous_1)
FN:16,(anonymous_2)
FNF:2
FNH:0
FNDA:0,(anonymous_1)
FNDA:0,(anonymous_2)
DA:1,1
DA:9,1
DA:10,1
DA:13,1
DA:15,0
DA:17,0
DA:18,0
DA:19,0
DA:20,0
DA:24,0
DA:25,0
DA:26,0
LF:12
LH:4
BRDA:17,0,0,0
BRDA:17,0,1,0
BRDA:19,1,0,0
BRDA:19,1,1,0
BRDA:24,2,0,0
BRDA:24,2,1,0
BRF:6
BRH:0
end_of_record
TN:
SF:src/shared/testing-utils/typeorm-testing-config.ts
FN:5,(anonymous_0)
FNF:1
FNH:1
FNDA:35,(anonymous_0)
DA:1,3
DA:2,3
DA:3,3
DA:5,35
LF:4
LH:4
BRF:0
BRH:0
end_of_record
